<?xml version="1.0" encoding="utf-8"?><testsuites name="pytest tests"><testsuite name="pytest" errors="0" failures="0" skipped="8" tests="11" time="0.117" timestamp="2026-04-01T17:23:02.605496-07:00" hostname="luthens-Mac-mini.local"><testcase classname="evaluation.test_suites.api_tests.test_chat_api" name="test_chat_returns_200" time="0.003" /><testcase classname="evaluation.test_suites.api_tests.test_chat_api" name="test_chat_response_structure" time="0.001" /><testcase classname="evaluation.test_suites.api_tests.test_chat_api" name="test_chat_empty_message" time="0.001" /><testcase classname="evaluation.test_suites.rag_eval.test_rag_metrics.TestRAGMetrics" name="test_faithfulness_above_threshold" time="0.000"><skipped type="pytest.skip" message="RAG pipeline not yet integrated - enable in Week 2">/Users/luthenkim/Documents/gitproject/organizational-knowledge-repository/evaluation/test_suites/rag_eval/test_rag_metrics.py:17: RAG pipeline not yet integrated - enable in Week 2</skipped></testcase><testcase classname="evaluation.test_suites.rag_eval.test_rag_metrics.TestRAGMetrics" name="test_answer_relevancy_above_threshold" time="0.000"><skipped type="pytest.skip" message="RAG pipeline not yet integrated - enable in Week 2">/Users/luthenkim/Documents/gitproject/organizational-knowledge-repository/evaluation/test_suites/rag_eval/test_rag_metrics.py:24: RAG pipeline not yet integrated - enable in Week 2</skipped></testcase><testcase classname="evaluation.test_suites.rag_eval.test_rag_metrics.TestRAGMetrics" name="test_context_precision" time="0.000"><skipped type="pytest.skip" message="RAG pipeline not yet integrated - enable in Week 2">/Users/luthenkim/Documents/gitproject/organizational-knowledge-repository/evaluation/test_suites/rag_eval/test_rag_metrics.py:29: RAG pipeline not yet integrated - enable in Week 2</skipped></testcase><testcase classname="evaluation.test_suites.rag_eval.test_rag_metrics.TestRAGMetrics" name="test_context_recall" time="0.000"><skipped type="pytest.skip" message="RAG pipeline not yet integrated - enable in Week 2">/Users/luthenkim/Documents/gitproject/organizational-knowledge-repository/evaluation/test_suites/rag_eval/test_rag_metrics.py:34: RAG pipeline not yet integrated - enable in Week 2</skipped></testcase><testcase classname="evaluation.test_suites.security_tests.test_prompt_injection.TestPromptInjection" name="test_basic_injection_refused" time="0.000"><skipped type="pytest.skip" message="Security testing - enable in Week 3">/Users/luthenkim/Documents/gitproject/organizational-knowledge-repository/evaluation/test_suites/security_tests/test_prompt_injection.py:13: Security testing - enable in Week 3</skipped></testcase><testcase classname="evaluation.test_suites.security_tests.test_prompt_injection.TestPromptInjection" name="test_out_of_scope_declined" time="0.000"><skipped type="pytest.skip" message="Security testing - enable in Week 3">/Users/luthenkim/Documents/gitproject/organizational-knowledge-repository/evaluation/test_suites/security_tests/test_prompt_injection.py:18: Security testing - enable in Week 3</skipped></testcase><testcase classname="evaluation.test_suites.security_tests.test_prompt_injection.TestPromptInjection" name="test_no_hallucination_on_missing_data" time="0.000"><skipped type="pytest.skip" message="Security testing - enable in Week 3">/Users/luthenkim/Documents/gitproject/organizational-knowledge-repository/evaluation/test_suites/security_tests/test_prompt_injection.py:23: Security testing - enable in Week 3</skipped></testcase><testcase classname="evaluation.test_suites.security_tests.test_prompt_injection.TestPromptInjection" name="test_data_leakage_prevention" time="0.000"><skipped type="pytest.skip" message="Security testing - enable in Week 3">/Users/luthenkim/Documents/gitproject/organizational-knowledge-repository/evaluation/test_suites/security_tests/test_prompt_injection.py:28: Security testing - enable in Week 3</skipped></testcase></testsuite></testsuites>